Flutter crash report.
Please report a bug at https://github.com/flutter/flutter/issues.

## command

flutter pub get --no-example

## exception

PathAccessException: PathAccessException: Deletion failed, path = 'C:\Users\Doodle-PC\Desktop\muhsina\api_text4\.ios\Runner\Assets.xcassets\AppIcon.appiconset\Contents.json' (OS Error: The process cannot access the file because it is being used by another process.
, errno = 32)

```
#0      _Directory._deleteSync (dart:io/directory_impl.dart:225:7)
#1      FileSystemEntity.deleteSync (dart:io/file_system_entity.dart:425:7)
#2      _File._deleteSync (dart:io/file_impl.dart:365:50)
#3      FileSystemEntity.deleteSync (dart:io/file_system_entity.dart:425:7)
#4      ForwardingFileSystemEntity.deleteSync (package:file/src/forwarding/forwarding_file_system_entity.dart:70:16)
#5      ForwardingFileSystemEntity.deleteSync (package:file/src/forwarding/forwarding_file_system_entity.dart:70:16)
#6      ErrorHandlingFileSystem.deleteIfExists (package:flutter_tools/src/base/error_handling_io.dart:90:14)
#7      ErrorHandlingFile.copySync.<anonymous closure> (package:flutter_tools/src/base/error_handling_io.dart:330:35)
#8      _runSync (package:flutter_tools/src/base/error_handling_io.dart:552:14)
#9      ErrorHandlingFile.copySync (package:flutter_tools/src/base/error_handling_io.dart:313:5)
#10     Template.render.<anonymous closure> (package:flutter_tools/src/template.dart:415:18)
#11     _LinkedHashMapMixin.forEach (dart:_compact_hash:764:13)
#12     Template.render (package:flutter_tools/src/template.dart:310:24)
#13     IosProject._overwriteFromTemplate (package:flutter_tools/src/xcode_project.dart:914:14)
<asynchronous suspension>
#14     IosProject._regenerateModuleFromTemplateIfNeeded (package:flutter_tools/src/xcode_project.dart:827:7)
<asynchronous suspension>
#15     IosProject.ensureReadyForPlatformSpecificTooling (package:flutter_tools/src/xcode_project.dart:678:5)
<asynchronous suspension>
#16     FlutterProject.ensureReadyForPlatformSpecificTooling (package:flutter_tools/src/project.dart:381:7)
<asynchronous suspension>
#17     PackagesGetCommand.runCommand (package:flutter_tools/src/commands/packages.dart:395:9)
<asynchronous suspension>
#18     FlutterCommand.run.<anonymous closure> (package:flutter_tools/src/runner/flutter_command.dart:1581:27)
<asynchronous suspension>
#19     AppContext.run.<anonymous closure> (package:flutter_tools/src/base/context.dart:154:19)
<asynchronous suspension>
#20     CommandRunner.runCommand (package:args/command_runner.dart:212:13)
<asynchronous suspension>
#21     FlutterCommandRunner.runCommand.<anonymous closure> (package:flutter_tools/src/runner/flutter_command_runner.dart:503:9)
<asynchronous suspension>
#22     AppContext.run.<anonymous closure> (package:flutter_tools/src/base/context.dart:154:19)
<asynchronous suspension>
#23     FlutterCommandRunner.runCommand (package:flutter_tools/src/runner/flutter_command_runner.dart:438:5)
<asynchronous suspension>
#24     run.<anonymous closure>.<anonymous closure> (package:flutter_tools/runner.dart:98:11)
<asynchronous suspension>
#25     AppContext.run.<anonymous closure> (package:flutter_tools/src/base/context.dart:154:19)
<asynchronous suspension>
#26     main (package:flutter_tools/executable.dart:101:3)
<asynchronous suspension>
```

## flutter doctor

```
[✓] Flutter (Channel stable, 3.35.2, on Microsoft Windows [Version 10.0.19045.6456], locale en-IN) [725ms]
    • Flutter version 3.35.2 on channel stable at C:\Users\Doodle-PC\Downloads\flutter
    • Upstream repository https://github.com/flutter/flutter.git
    • Framework revision 05db968908 (7 months ago), 2025-08-25 10:21:35 -0700
    • Engine revision a8bfdfc394
    • Dart version 3.9.0
    • DevTools version 2.48.0
    • Feature flags: enable-web, enable-linux-desktop, enable-macos-desktop, enable-windows-desktop, enable-android, enable-ios, cli-animations, enable-lldb-debugging

[✓] Windows Version (10 Enterprise 64-bit, 22H2, 2009) [13.0s]

[✓] Android toolchain - develop for Android devices (Android SDK version 36.1.0-rc1) [16.0s]
    • Android SDK at C:\Users\Doodle-PC\AppData\Local\Android\sdk
    • Emulator version 36.1.9.0 (build_id 13823996) (CL:N/A)
    • Platform android-36, build-tools 36.1.0-rc1
    • Java binary at: C:\Program Files\Android\Android Studio\jbr\bin\java
      This is the JDK bundled with the latest Android Studio installation on this machine.
      To manually set the JDK path, use: `flutter config --jdk-dir="path/to/jdk"`.
    • Java version OpenJDK Runtime Environment (build 21.0.6+-13391695-b895.109)
    • All Android licenses accepted.

[✓] Chrome - develop for the web [420ms]
    • Chrome at C:\Program Files\Google\Chrome\Application\chrome.exe

[!] Visual Studio - develop Windows apps (Visual Studio Build Tools 2026 18.4.0) [418ms]
    • Visual Studio at C:\Program Files (x86)\Microsoft Visual Studio\18\BuildTools
    • Visual Studio Build Tools 2026 version 18.4.11605.240
    ✗ Visual Studio is missing necessary components. Please re-run the Visual Studio installer for the "Desktop development with C++" workload, and include these components:
        MSVC v142 - VS 2019 C++ x64/x86 build tools
         - If there are multiple build tool versions available, install the latest
        C++ CMake tools for Windows
        Windows 10 SDK

[✓] Android Studio (version 2025.1.2) [11ms]
    • Android Studio at C:\Program Files\Android\Android Studio
    • Flutter plugin can be installed from:
      🔨 https://plugins.jetbrains.com/plugin/9212-flutter
    • Dart plugin can be installed from:
      🔨 https://plugins.jetbrains.com/plugin/6351-dart
    • Java version OpenJDK Runtime Environment (build 21.0.6+-13391695-b895.109)

[✓] VS Code (version unknown) [8ms]
    • VS Code at C:\Users\Doodle-PC\AppData\Local\Programs\Microsoft VS Code
    • Flutter extension version 3.130.0
    ✗ Unable to determine VS Code version.

[✓] Connected device (3 available) [2.1s]
    • Windows (desktop) • windows • windows-x64    • Microsoft Windows [Version 10.0.19045.6456]
    • Chrome (web)      • chrome  • web-javascript • Google Chrome 146.0.7680.81
    • Edge (web)        • edge    • web-javascript • Microsoft Edge 142.0.3595.94

[✓] Network resources [904ms]
    • All expected network resources are available.

! Doctor found issues in 1 category.
```
